\BOOKMARK [1][-]{section.1}{\376\377\000Z\000a\000d\000\341\000n\000\355}{}% 1
\BOOKMARK [1][-]{section.2}{\376\377\000Z\000v\000o\000l\000e\000n\000\341\000\040\000v\000a\000r\000i\000a\000n\000t\000a}{}% 2
\BOOKMARK [1][-]{section.3}{\376\377\000P\000o\000p\000i\000s\000\040\000h\000r\000y}{}% 3
\BOOKMARK [1][-]{section.4}{\376\377\000P\000r\000o\000t\000o\000k\000o\000l}{}% 4
\BOOKMARK [2][-]{subsection.4.1}{\376\377\000Z\000p\000r\000\341\000v\000y}{section.4}% 5
\BOOKMARK [3][-]{subsubsection.4.1.1}{\376\377\000Z\000p\000r\000\341\000v\000y\000\040\000z\000e\000\040\000s\000e\000r\000v\000e\000r\000u}{subsection.4.1}% 6
\BOOKMARK [3][-]{subsubsection.4.1.2}{\376\377\000Z\000p\000r\000\341\000v\000y\000\040\000z\000\040\000k\000l\000i\000e\000n\000t\000a}{subsection.4.1}% 7
\BOOKMARK [1][-]{section.5}{\376\377\000I\000m\000p\000l\000e\000m\000e\000n\000t\000a\000c\000e}{}% 8
\BOOKMARK [2][-]{subsection.5.1}{\376\377\000S\000e\000r\000v\000e\000r}{section.5}% 9
\BOOKMARK [3][-]{subsubsection.5.1.1}{\376\377\000M\000a\000i\000n}{subsection.5.1}% 10
\BOOKMARK [3][-]{subsubsection.5.1.2}{\376\377\000S\000e\000r\000v\000e\000r}{subsection.5.1}% 11
\BOOKMARK [3][-]{subsubsection.5.1.3}{\376\377\000M\000e\000s\000s\000a\000g\000e\000s}{subsection.5.1}% 12
\BOOKMARK [3][-]{subsubsection.5.1.4}{\376\377\000D\000a\000t\000a}{subsection.5.1}% 13
\BOOKMARK [3][-]{subsubsection.5.1.5}{\376\377\000E\000v\000e\000n\000t\000s}{subsection.5.1}% 14
\BOOKMARK [3][-]{subsubsection.5.1.6}{\376\377\000U\000t\000i\000l\000s}{subsection.5.1}% 15
\BOOKMARK [2][-]{subsection.5.2}{\376\377\000K\000l\000i\000e\000n\000t}{section.5}% 16
\BOOKMARK [3][-]{subsubsection.5.2.1}{\376\377\000M\000a\000i\000n}{subsection.5.2}% 17
\BOOKMARK [3][-]{subsubsection.5.2.2}{\376\377\000G\000a\000m\000e\000O\000b\000j\000e\000c\000t\000s}{subsection.5.2}% 18
\BOOKMARK [3][-]{subsubsection.5.2.3}{\376\377\000G\000U\000I}{subsection.5.2}% 19
\BOOKMARK [3][-]{subsubsection.5.2.4}{\376\377\000S\000e\000r\000v\000e\000r}{subsection.5.2}% 20
\BOOKMARK [3][-]{subsubsection.5.2.5}{\376\377\000U\000t\000i\000l\000s}{subsection.5.2}% 21
\BOOKMARK [1][-]{section.6}{\376\377\000U\001\176\000i\000v\000a\000t\000e\000l\000s\000k\000\341\000\040\000p\001\131\000\355\000r\000u\001\015\000k\000a}{}% 22
\BOOKMARK [2][-]{subsection.6.1}{\376\377\000S\000e\000r\000v\000e\000r}{section.6}% 23
\BOOKMARK [2][-]{subsection.6.2}{\376\377\000K\000l\000i\000e\000n\000t}{section.6}% 24
\BOOKMARK [1][-]{section.7}{\376\377\000Z\000\341\000v\001\033\000r}{}% 25
